Release 10.1 Map K.31 (nt)
Xilinx Mapping Report File for Design 'ALU32bit'

Design Information
------------------
Command Line   : map -ise "C:/Documents and Settings/student/My
Documents/EE533/Lab2/Lab2.ise" -intstyle ise -p xc2vp30-ff896-6 -cm area -pr off
-k 4 -c 100 -tx off -o ALU32bit_map.ncd ALU32bit.ngd ALU32bit.pcf 
Target Device  : xc2vp30
Target Package : ff896
Target Speed   : -6
Mapper Version : virtex2p -- $Revision: 1.46 $
Mapped Date    : Sat Jan 25 21:01:45 2025

Design Summary
--------------
Number of errors:      0
Number of warnings:    0
Logic Utilization:
  Number of 4 input LUTs:                97 out of  27,392    1%
Logic Distribution:
  Number of occupied Slices:             49 out of  13,696    1%
    Number of Slices containing only related logic:      49 out of      49 100%
    Number of Slices containing unrelated logic:          0 out of      49   0%
      *See NOTES below for an explanation of the effects of unrelated logic.
  Total Number of 4 input LUTs:          97 out of  27,392    1%
  Number of bonded IOBs:                100 out of     556   17%

Peak Memory Usage:  198 MB
Total REAL time to MAP completion:  3 secs 
Total CPU time to MAP completion:   2 secs 

NOTES:

   Related logic is defined as being logic that shares connectivity - e.g. two
   LUTs are "related" if they share common inputs.  When assembling slices,
   Map gives priority to combine logic that is related.  Doing so results in
   the best timing performance.

   Unrelated logic shares no connectivity.  Map will only begin packing
   unrelated logic into a slice once 99% of the slices are occupied through
   related logic packing.

   Note that once logic distribution reaches the 99% level through related
   logic packing, this does not mean the device is completely utilized.
   Unrelated logic packing will then begin, continuing until all usable LUTs
   and FFs are occupied.  Depending on your timing budget, increased levels of
   unrelated logic packing may adversely affect the overall timing performance
   of your design.

Table of Contents
-----------------
Section 1 - Errors
Section 2 - Warnings
Section 3 - Informational
Section 4 - Removed Logic Summary
Section 5 - Removed Logic
Section 6 - IOB Properties
Section 7 - RPMs
Section 8 - Guide Report
Section 9 - Area Group and Partition Summary
Section 10 - Modular Design Summary
Section 11 - Timing Report
Section 12 - Configuration String Information
Section 13 - Control Set Information
Section 14 - Utilization by Hierarchy

Section 1 - Errors
------------------

Section 2 - Warnings
--------------------

Section 3 - Informational
-------------------------
INFO:MapLib:562 - No environment variables are currently set.
INFO:LIT:244 - All of the single ended outputs in this design are using slew
   rate limited output drivers. The delay on speed critical single ended outputs
   can be dramatically reduced by designating them as fast outputs.

Section 4 - Removed Logic Summary
---------------------------------

Section 5 - Removed Logic
-------------------------

Section 6 - IOB Properties
--------------------------

+----------------------------------------------------------------------------------------------------------------------------------------+
| IOB Name                           | Type             | Direction | IO Standard | Drive    | Slew | Reg (s)      | Resistor | IOB      |
|                                    |                  |           |             | Strength | Rate |              |          | Delay    |
+----------------------------------------------------------------------------------------------------------------------------------------+
| a<0>                               | IOB              | INPUT     | LVCMOS25    |          |      |              |          |          |
| a<1>                               | IOB              | INPUT     | LVCMOS25    |          |      |              |          |          |
| a<2>                               | IOB              | INPUT     | LVCMOS25    |          |      |              |          |          |
| a<3>                               | IOB              | INPUT     | LVCMOS25    |          |      |              |          |          |
| a<4>                               | IOB              | INPUT     | LVCMOS25    |          |      |              |          |          |
| a<5>                               | IOB              | INPUT     | LVCMOS25    |          |      |              |          |          |
| a<6>                               | IOB              | INPUT     | LVCMOS25    |          |      |              |          |          |
| a<7>                               | IOB              | INPUT     | LVCMOS25    |          |      |              |          |          |
| a<8>                               | IOB              | INPUT     | LVCMOS25    |          |      |              |          |          |
| a<9>                               | IOB              | INPUT     | LVCMOS25    |          |      |              |          |          |
| a<10>                              | IOB              | INPUT     | LVCMOS25    |          |      |              |          |          |
| a<11>                              | IOB              | INPUT     | LVCMOS25    |          |      |              |          |          |
| a<12>                              | IOB              | INPUT     | LVCMOS25    |          |      |              |          |          |
| a<13>                              | IOB              | INPUT     | LVCMOS25    |          |      |              |          |          |
| a<14>                              | IOB              | INPUT     | LVCMOS25    |          |      |              |          |          |
| a<15>                              | IOB              | INPUT     | LVCMOS25    |          |      |              |          |          |
| a<16>                              | IOB              | INPUT     | LVCMOS25    |          |      |              |          |          |
| a<17>                              | IOB              | INPUT     | LVCMOS25    |          |      |              |          |          |
| a<18>                              | IOB              | INPUT     | LVCMOS25    |          |      |              |          |          |
| a<19>                              | IOB              | INPUT     | LVCMOS25    |          |      |              |          |          |
| a<20>                              | IOB              | INPUT     | LVCMOS25    |          |      |              |          |          |
| a<21>                              | IOB              | INPUT     | LVCMOS25    |          |      |              |          |          |
| a<22>                              | IOB              | INPUT     | LVCMOS25    |          |      |              |          |          |
| a<23>                              | IOB              | INPUT     | LVCMOS25    |          |      |              |          |          |
| a<24>                              | IOB              | INPUT     | LVCMOS25    |          |      |              |          |          |
| a<25>                              | IOB              | INPUT     | LVCMOS25    |          |      |              |          |          |
| a<26>                              | IOB              | INPUT     | LVCMOS25    |          |      |              |          |          |
| a<27>                              | IOB              | INPUT     | LVCMOS25    |          |      |              |          |          |
| a<28>                              | IOB              | INPUT     | LVCMOS25    |          |      |              |          |          |
| a<29>                              | IOB              | INPUT     | LVCMOS25    |          |      |              |          |          |
| a<30>                              | IOB              | INPUT     | LVCMOS25    |          |      |              |          |          |
| a<31>                              | IOB              | INPUT     | LVCMOS25    |          |      |              |          |          |
| alu_out<0>                         | IOB              | OUTPUT    | LVCMOS25    | 12       | SLOW |              |          |          |
| alu_out<1>                         | IOB              | OUTPUT    | LVCMOS25    | 12       | SLOW |              |          |          |
| alu_out<2>                         | IOB              | OUTPUT    | LVCMOS25    | 12       | SLOW |              |          |          |
| alu_out<3>                         | IOB              | OUTPUT    | LVCMOS25    | 12       | SLOW |              |          |          |
| alu_out<4>                         | IOB              | OUTPUT    | LVCMOS25    | 12       | SLOW |              |          |          |
| alu_out<5>                         | IOB              | OUTPUT    | LVCMOS25    | 12       | SLOW |              |          |          |
| alu_out<6>                         | IOB              | OUTPUT    | LVCMOS25    | 12       | SLOW |              |          |          |
| alu_out<7>                         | IOB              | OUTPUT    | LVCMOS25    | 12       | SLOW |              |          |          |
| alu_out<8>                         | IOB              | OUTPUT    | LVCMOS25    | 12       | SLOW |              |          |          |
| alu_out<9>                         | IOB              | OUTPUT    | LVCMOS25    | 12       | SLOW |              |          |          |
| alu_out<10>                        | IOB              | OUTPUT    | LVCMOS25    | 12       | SLOW |              |          |          |
| alu_out<11>                        | IOB              | OUTPUT    | LVCMOS25    | 12       | SLOW |              |          |          |
| alu_out<12>                        | IOB              | OUTPUT    | LVCMOS25    | 12       | SLOW |              |          |          |
| alu_out<13>                        | IOB              | OUTPUT    | LVCMOS25    | 12       | SLOW |              |          |          |
| alu_out<14>                        | IOB              | OUTPUT    | LVCMOS25    | 12       | SLOW |              |          |          |
| alu_out<15>                        | IOB              | OUTPUT    | LVCMOS25    | 12       | SLOW |              |          |          |
| alu_out<16>                        | IOB              | OUTPUT    | LVCMOS25    | 12       | SLOW |              |          |          |
| alu_out<17>                        | IOB              | OUTPUT    | LVCMOS25    | 12       | SLOW |              |          |          |
| alu_out<18>                        | IOB              | OUTPUT    | LVCMOS25    | 12       | SLOW |              |          |          |
| alu_out<19>                        | IOB              | OUTPUT    | LVCMOS25    | 12       | SLOW |              |          |          |
| alu_out<20>                        | IOB              | OUTPUT    | LVCMOS25    | 12       | SLOW |              |          |          |
| alu_out<21>                        | IOB              | OUTPUT    | LVCMOS25    | 12       | SLOW |              |          |          |
| alu_out<22>                        | IOB              | OUTPUT    | LVCMOS25    | 12       | SLOW |              |          |          |
| alu_out<23>                        | IOB              | OUTPUT    | LVCMOS25    | 12       | SLOW |              |          |          |
| alu_out<24>                        | IOB              | OUTPUT    | LVCMOS25    | 12       | SLOW |              |          |          |
| alu_out<25>                        | IOB              | OUTPUT    | LVCMOS25    | 12       | SLOW |              |          |          |
| alu_out<26>                        | IOB              | OUTPUT    | LVCMOS25    | 12       | SLOW |              |          |          |
| alu_out<27>                        | IOB              | OUTPUT    | LVCMOS25    | 12       | SLOW |              |          |          |
| alu_out<28>                        | IOB              | OUTPUT    | LVCMOS25    | 12       | SLOW |              |          |          |
| alu_out<29>                        | IOB              | OUTPUT    | LVCMOS25    | 12       | SLOW |              |          |          |
| alu_out<30>                        | IOB              | OUTPUT    | LVCMOS25    | 12       | SLOW |              |          |          |
| alu_out<31>                        | IOB              | OUTPUT    | LVCMOS25    | 12       | SLOW |              |          |          |
| b<0>                               | IOB              | INPUT     | LVCMOS25    |          |      |              |          |          |
| b<1>                               | IOB              | INPUT     | LVCMOS25    |          |      |              |          |          |
| b<2>                               | IOB              | INPUT     | LVCMOS25    |          |      |              |          |          |
| b<3>                               | IOB              | INPUT     | LVCMOS25    |          |      |              |          |          |
| b<4>                               | IOB              | INPUT     | LVCMOS25    |          |      |              |          |          |
| b<5>                               | IOB              | INPUT     | LVCMOS25    |          |      |              |          |          |
| b<6>                               | IOB              | INPUT     | LVCMOS25    |          |      |              |          |          |
| b<7>                               | IOB              | INPUT     | LVCMOS25    |          |      |              |          |          |
| b<8>                               | IOB              | INPUT     | LVCMOS25    |          |      |              |          |          |
| b<9>                               | IOB              | INPUT     | LVCMOS25    |          |      |              |          |          |
| b<10>                              | IOB              | INPUT     | LVCMOS25    |          |      |              |          |          |
| b<11>                              | IOB              | INPUT     | LVCMOS25    |          |      |              |          |          |
| b<12>                              | IOB              | INPUT     | LVCMOS25    |          |      |              |          |          |
| b<13>                              | IOB              | INPUT     | LVCMOS25    |          |      |              |          |          |
| b<14>                              | IOB              | INPUT     | LVCMOS25    |          |      |              |          |          |
| b<15>                              | IOB              | INPUT     | LVCMOS25    |          |      |              |          |          |
| b<16>                              | IOB              | INPUT     | LVCMOS25    |          |      |              |          |          |
| b<17>                              | IOB              | INPUT     | LVCMOS25    |          |      |              |          |          |
| b<18>                              | IOB              | INPUT     | LVCMOS25    |          |      |              |          |          |
| b<19>                              | IOB              | INPUT     | LVCMOS25    |          |      |              |          |          |
| b<20>                              | IOB              | INPUT     | LVCMOS25    |          |      |              |          |          |
| b<21>                              | IOB              | INPUT     | LVCMOS25    |          |      |              |          |          |
| b<22>                              | IOB              | INPUT     | LVCMOS25    |          |      |              |          |          |
| b<23>                              | IOB              | INPUT     | LVCMOS25    |          |      |              |          |          |
| b<24>                              | IOB              | INPUT     | LVCMOS25    |          |      |              |          |          |
| b<25>                              | IOB              | INPUT     | LVCMOS25    |          |      |              |          |          |
| b<26>                              | IOB              | INPUT     | LVCMOS25    |          |      |              |          |          |
| b<27>                              | IOB              | INPUT     | LVCMOS25    |          |      |              |          |          |
| b<28>                              | IOB              | INPUT     | LVCMOS25    |          |      |              |          |          |
| b<29>                              | IOB              | INPUT     | LVCMOS25    |          |      |              |          |          |
| b<30>                              | IOB              | INPUT     | LVCMOS25    |          |      |              |          |          |
| b<31>                              | IOB              | INPUT     | LVCMOS25    |          |      |              |          |          |
| cout                               | IOB              | OUTPUT    | LVCMOS25    | 12       | SLOW |              |          |          |
| sel<0>                             | IOB              | INPUT     | LVCMOS25    |          |      |              |          |          |
| sel<1>                             | IOB              | INPUT     | LVCMOS25    |          |      |              |          |          |
| sub                                | IOB              | INPUT     | LVCMOS25    |          |      |              |          |          |
+----------------------------------------------------------------------------------------------------------------------------------------+

Section 7 - RPMs
----------------

Section 8 - Guide Report
------------------------
Guide not run on this design.

Section 9 - Area Group and Partition Summary
--------------------------------------------

Partition Implementation Status
-------------------------------

  No Partitions were found in this design.

-------------------------------

Area Group Information
----------------------

  No area groups were found in this design.

----------------------

Section 10 - Modular Design Summary
-----------------------------------
Modular Design not used for this design.

Section 11 - Timing Report
--------------------------
This design was not run using timing mode.

Section 12 - Configuration String Details
-----------------------------------------
Use the "-detail" map option to print out Configuration Strings

Section 13 - Control Set Information
------------------------------------
No control set information for this architecture.

Section 14 - Utilization by Hierarchy
-------------------------------------

This feature is not supported for this architecture.
